TN:
SF:components/BertaDashboard.vue
FN:32,(anonymous_0)
FN:116,changeTab
FN:120,(anonymous_2)
FN:123,(anonymous_3)
FN:156,(anonymous_4)
FN:236,render
FN:240,(anonymous_6)
FN:248,onClick
FN:252,(anonymous_8)
FN:260,(anonymous_9)
FNF:10
FNH:9
FNDA:5,(anonymous_0)
FNDA:2,changeTab
FNDA:1,(anonymous_2)
FNDA:1,(anonymous_3)
FNDA:0,(anonymous_4)
FNDA:13,render
FNDA:15,(anonymous_6)
FNDA:2,onClick
FNDA:15,(anonymous_8)
FNDA:11,(anonymous_9)
DA:4,1
DA:7,1
DA:30,1
DA:35,5
DA:38,5
DA:45,5
DA:52,5
DA:59,5
DA:66,5
DA:73,5
DA:117,2
DA:118,2
DA:120,5
DA:121,1
DA:123,5
DA:124,1
DA:126,5
DA:157,0
DA:185,5
DA:189,5
DA:194,1
DA:197,1
DA:198,1
DA:199,1
DA:202,1
DA:206,1
DA:207,1
DA:210,1
DA:213,1
DA:217,1
DA:221,1
DA:222,1
DA:226,1
DA:227,1
DA:231,1
DA:232,1
DA:237,13
DA:241,15
DA:249,2
DA:253,15
DA:261,11
DA:269,1
LF:42
LH:41
BRDA:240,0,0,8
BRDA:240,0,1,5
BRDA:261,1,0,6
BRDA:261,1,1,5
BRDA:261,2,0,6
BRDA:261,2,1,0
BRDA:261,3,0,6
BRDA:261,3,1,0
BRDA:261,4,0,6
BRDA:261,4,1,0
BRF:10
BRH:7
end_of_record
TN:
SF:components/FilterSearchbar.vue
FN:75,render
FNF:1
FNH:1
FNDA:11,render
DA:4,2
DA:7,2
DA:60,2
DA:63,2
DA:64,2
DA:65,2
DA:68,2
DA:76,11
DA:84,2
LF:9
LH:9
BRF:0
BRH:0
end_of_record
TN:
SF:components/helper/CapabilityButtons.vue
FN:155,render
FN:158,(anonymous_1)
FN:162,(anonymous_2)
FN:166,onClick
FNF:4
FNH:4
FNDA:17,render
FNDA:1,(anonymous_1)
FNDA:16,(anonymous_2)
FNDA:2,onClick
DA:4,2
DA:7,2
DA:127,2
DA:130,2
DA:131,2
DA:132,2
DA:135,2
DA:138,2
DA:141,2
DA:144,2
DA:147,2
DA:148,2
DA:151,2
DA:154,2
DA:156,17
DA:159,1
DA:160,1
DA:163,16
DA:167,2
DA:168,2
DA:172,2
LF:21
LH:21
BRDA:156,0,0,2
BRDA:156,0,1,15
BRDA:158,1,0,2
BRDA:158,1,1,2
BRF:4
BRH:4
end_of_record
TN:
SF:components/helper/CapabilityOptions.vue
FN:225,render
FN:226,(anonymous_1)
FN:236,onDragstart
FN:239,onDragover
FN:242,onDragleave
FN:245,onDrop
FN:261,onChange
FNF:7
FNH:6
FNDA:20,render
FNDA:18,(anonymous_1)
FNDA:1,onDragstart
FNDA:1,onDragover
FNDA:0,onDragleave
FNDA:1,onDrop
FNDA:2,onChange
DA:4,2
DA:7,2
DA:201,2
DA:204,2
DA:205,2
DA:206,2
DA:209,2
DA:210,2
DA:211,2
DA:214,2
DA:215,2
DA:216,2
DA:217,2
DA:220,2
DA:221,2
DA:222,2
DA:226,20
DA:227,18
DA:237,1
DA:240,1
DA:243,0
DA:246,1
DA:262,2
DA:268,2
LF:24
LH:23
BRDA:226,0,0,6
BRDA:226,0,1,14
BRDA:226,1,0,20
BRDA:226,1,1,14
BRDA:249,2,0,0
BRDA:249,2,1,18
BRF:6
BRH:5
end_of_record
TN:
SF:components/helper/SkeletonContent.vue
FN:10,(anonymous_0)
FN:14,(anonymous_1)
FN:44,render
FNF:3
FNH:3
FNDA:6,(anonymous_0)
FNDA:18,(anonymous_1)
FNDA:6,render
DA:4,2
DA:7,2
DA:8,2
DA:13,6
DA:14,18
DA:15,6
DA:18,6
DA:22,6
DA:27,2
DA:30,2
DA:31,2
DA:32,2
DA:35,2
DA:36,2
DA:39,2
DA:40,2
DA:43,2
DA:45,6
DA:61,2
LF:19
LH:19
BRF:0
BRH:0
end_of_record
TN:
SF:components/helper/SkeletonTab.vue
FN:52,render
FNF:1
FNH:1
FNDA:16,render
DA:4,2
DA:7,2
DA:43,2
DA:46,2
DA:47,2
DA:48,2
DA:51,2
DA:53,16
DA:59,2
LF:9
LH:9
BRF:0
BRH:0
end_of_record
